<?xml version="1.0" encoding="UTF-8"?>
<!-- Generated by org.testng.reporters.JUnitReportReporter -->
<testsuite hostname="LAPTOP-3G7K8O99" failures="0" tests="1" name="Cucumber.TestNGTestRunner" time="125.681" errors="0" timestamp="2023-05-07T14:25:47 IST" skipped="0">
  <testcase classname="Cucumber.TestNGTestRunner" name="runScenario" time="125.681"/>
  <system-out/>
</testsuite> <!-- Cucumber.TestNGTestRunner -->
